2013-08-29 21:34:49,865-logger_pixiv-ERROR-get data from http://cdn-pixiv.lolita.tw/rankings/20130828/pixiv_daily.json Error:'str' object has no attribute 'read'
2013-08-29 21:39:43,618-logger_pixiv-INFO-open url: http://cdn-pixiv.lolita.tw/rankings/20130828/pixiv_daily.json-19
2013-08-29 21:39:44,890-logger_pixiv-ERROR-get data from http://cdn-pixiv.lolita.tw/rankings/20130828/pixiv_daily.json Error:'str' object has no attribute 'read'-28
2013-08-29 21:41:04,845-logger_pixiv-INFO-execute-19-open url: http://cdn-pixiv.lolita.tw/rankings/20130828/pixiv_daily.json
2013-08-29 21:41:07,381-logger_pixiv-ERROR-execute-28-get data from http://cdn-pixiv.lolita.tw/rankings/20130828/pixiv_daily.json Error:'str' object has no attribute 'read'
2013-08-29 21:41:57,700 - logger_pixiv - INFO - bindAPI - execute - line:19 - open url: http://cdn-pixiv.lolita.tw/rankings/20130828/pixiv_daily.json
2013-08-29 21:42:08,586 - logger_pixiv - ERROR - bindAPI - execute - line:28 - get data from http://cdn-pixiv.lolita.tw/rankings/20130828/pixiv_daily.json Error:'str' object has no attribute 'read'
2013-08-29 21:43:30,454[logger_pixiv]:INFO-{bindAPI-execute-line:19}: open url: http://cdn-pixiv.lolita.tw/rankings/20130828/pixiv_daily.json
2013-08-29 21:43:32,016[logger_pixiv]:ERROR-{bindAPI-execute-line:28}: get data from http://cdn-pixiv.lolita.tw/rankings/20130828/pixiv_daily.json Error:'str' object has no attribute 'read'
2013-08-29 22:13:58,562[logger_pixiv]:INFO-{bindAPI-execute-line:19}: open url: http://cdn-pixiv.lolita.tw/rankings/20130828/pixiv_daily.json
2013-08-29 22:15:58,913[logger_pixiv]:ERROR-{bindAPI-execute-line:28}: get data from http://cdn-pixiv.lolita.tw/rankings/20130828/pixiv_daily.json Error:timed out
2013-08-30 09:27:03,450[logger_pixiv]:INFO-{bindAPI-execute-line:19}: open url: http://cdn-pixiv.lolita.tw/rankings/20130828/pixiv_daily.json
2013-08-30 09:28:29,838[logger_pixiv]:INFO-{bindAPI-execute-line:19}: open url: http://cdn-pixiv.lolita.tw/rankings/20130828/pixiv_daily.json
2013-08-30 09:28:31,171[logger_pixiv]:ERROR-{bindAPI-execute-line:29}: get data from http://cdn-pixiv.lolita.tw/rankings/20130828/pixiv_daily.json Error:'str' object has no attribute 'read'
2013-08-30 09:28:42,619[logger_pixiv]:INFO-{bindAPI-execute-line:19}: open url: http://cdn-pixiv.lolita.tw/rankings/20130828/pixiv_daily.json
2013-08-30 09:28:43,986[logger_pixiv]:ERROR-{bindAPI-execute-line:29}: get data from http://cdn-pixiv.lolita.tw/rankings/20130828/pixiv_daily.json Error:'str' object has no attribute 'read'
2013-08-30 09:29:09,000[logger_pixiv]:INFO-{bindAPI-execute-line:19}: open url: http://cdn-pixiv.lolita.tw/rankings/20130828/pixiv_daily.json
2013-08-30 09:29:48,585[logger_pixiv]:INFO-{bindAPI-execute-line:19}: open url: http://cdn-pixiv.lolita.tw/rankings/20130828/pixiv_daily.json
2013-08-30 09:29:57,006[logger_pixiv]:INFO-{bindAPI-execute-line:19}: open url: http://cdn-pixiv.lolita.tw/rankings/20130828/pixiv_daily.json
2013-08-30 09:30:37,471[logger_pixiv]:INFO-{bindAPI-execute-line:19}: open url: http://cdn-pixiv.lolita.tw/rankings/20130828/pixiv_daily.json
2013-08-30 09:30:49,068[logger_pixiv]:INFO-{bindAPI-execute-line:19}: open url: http://cdn-pixiv.lolita.tw/rankings/20130828/pixiv_daily.json
2013-08-30 09:30:59,312[logger_pixiv]:INFO-{bindAPI-execute-line:19}: open url: http://cdn-pixiv.lolita.tw/rankings/20130828/pixiv_daily.json
2013-08-30 09:31:28,706[logger_pixiv]:INFO-{bindAPI-execute-line:19}: open url: http://cdn-pixiv.lolita.tw/rankings/20130828/pixiv_daily.json
2013-08-30 09:42:24,654[logger_pixiv]:INFO-{bindAPI-execute-line:19}: open url: http://cdn-pixiv.lolita.tw/rankings/20130828/pixiv_daily.json
2013-08-30 09:42:54,338[logger_pixiv]:INFO-{bindAPI-execute-line:19}: open url: http://cdn-pixiv.lolita.tw/rankings/20130828/pixiv_daily.json
2013-08-30 09:43:01,414[logger_pixiv]:INFO-{bindAPI-execute-line:19}: open url: http://cdn-pixiv.lolita.tw/rankings/20130828/pixiv_daily.json
2013-08-30 09:43:06,378[logger_pixiv]:INFO-{bindAPI-execute-line:19}: open url: http://cdn-pixiv.lolita.tw/rankings/20130828/pixiv_daily.json
2013-10-05 20:14:35,953[logger_pixiv]:INFO-{bindAPI-execute-line:18}: open url: http://www.pixiv.net/ranking.php?mode=female_r18&p=1
2013-10-05 20:15:23,450[logger_pixiv]:INFO-{bindAPI-execute-line:18}: open url: http://www.pixiv.net/ranking.php?mode=female_r18&p=1&data=2013100520
2013-10-05 20:15:54,540[logger_pixiv]:INFO-{bindAPI-execute-line:18}: open url: http://www.pixiv.net/ranking.php?mode=female_r18&p=1&data=20131005
2013-10-05 20:21:42,661[logger_pixiv]:INFO-{bindAPI-execute-line:18}: open url: http://www.pixiv.net/ranking.php?mode=female_r18&p=1&data=20131005
2013-10-05 20:22:43,023[logger_pixiv]:INFO-{bindAPI-execute-line:18}: open url: http://www.pixiv.net/ranking.php?mode=female_r18&p=1&data=20131005
2013-10-05 20:53:36,924[logger_pixiv]:INFO-{bindAPI-execute-line:25}: open url: http://www.pixiv.net/ranking.php?mode=female_r18&p=1&data=20131005
2013-10-05 20:54:25,345[logger_pixiv]:INFO-{bindAPI-execute-line:25}: open url: http://www.pixiv.net/ranking.php?mode=female_r18&p=1&data=20131005
2013-10-05 20:56:46,377[logger_pixiv]:INFO-{bindAPI-execute-line:25}: open url: http://www.pixiv.net/ranking.php?mode=female_r18&p=1&data=20131005
2013-10-05 20:59:40,342[logger_pixiv]:INFO-{bindAPI-execute-line:25}: open url: http://www.pixiv.net/ranking.php?mode=female_r18&p=1&data=20131005
2013-10-05 20:59:52,838[logger_pixiv]:INFO-{bindAPI-execute-line:25}: open url: http://www.pixiv.net/ranking.php?mode=female_r18&p=1&data=20131005
2013-10-05 21:00:41,368[logger_pixiv]:INFO-{bindAPI-execute-line:26}: open url: http://www.pixiv.net/ranking.php?mode=female_r18&p=1&data=20131005
2013-10-05 21:00:56,845[logger_pixiv]:INFO-{bindAPI-execute-line:26}: open url: http://www.pixiv.net/ranking.php?mode=female_r18&p=1&data=20131005
2013-10-05 21:01:09,154[logger_pixiv]:INFO-{bindAPI-execute-line:26}: open url: http://www.pixiv.net/ranking.php?mode=female_r18&p=1&data=20131005
2013-10-05 21:01:24,062[logger_pixiv]:INFO-{bindAPI-execute-line:26}: open url: http://www.pixiv.net/ranking.php?mode=female_r18&p=1&data=20131005
2013-10-05 21:05:52,372[logger_pixiv]:INFO-{bindAPI-execute-line:26}: open url: http://www.pixiv.net/ranking.php?mode=female_r18&p=1&data=20131005
2013-10-05 21:06:12,026[logger_pixiv]:INFO-{bindAPI-execute-line:26}: open url: http://www.pixiv.net/ranking.php?mode=female_r18&p=1&data=20131005
2013-10-05 21:06:35,727[logger_pixiv]:INFO-{bindAPI-execute-line:26}: open url: http://www.pixiv.net/ranking.php?mode=female_r18&p=1&data=20131005
2013-10-05 21:07:01,948[logger_pixiv]:INFO-{bindAPI-execute-line:26}: open url: http://www.pixiv.net/ranking.php?mode=female_r18&p=1&data=20131005
2013-10-05 21:08:38,025[logger_pixiv]:INFO-{bindAPI-execute-line:26}: open url: http://www.pixiv.net/ranking.php?mode=female_r18&p=1&data=20131005
2013-10-05 21:36:55,398[logger_pixiv]:INFO-{bindAPI-execute-line:26}: open url: http://www.pixiv.net/ranking.php?mode=female_r18&p=1&data=20131005
2013-10-05 21:37:49,035[logger_pixiv]:INFO-{bindAPI-execute-line:26}: open url: http://www.pixiv.net/ranking.php?mode=female_r18&p=1&data=20131005
2013-10-05 21:38:34,082[logger_pixiv]:INFO-{bindAPI-execute-line:26}: open url: http://www.pixiv.net/ranking.php?mode=female_r18&p=1&data=20131005
2013-10-05 21:39:00,378[logger_pixiv]:INFO-{bindAPI-execute-line:26}: open url: http://www.pixiv.net/ranking.php?mode=female_r18&p=1&data=20131005
2013-10-05 21:40:38,420[logger_pixiv]:INFO-{bindAPI-execute-line:26}: open url: http://www.pixiv.net/ranking.php?mode=female_r18&p=1&data=20131005
2013-10-05 21:40:53,779[logger_pixiv]:INFO-{bindAPI-execute-line:26}: open url: http://www.pixiv.net/ranking.php?mode=female_r18&p=1&data=20131005
2013-10-05 21:41:17,335[logger_pixiv]:INFO-{bindAPI-execute-line:26}: open url: http://www.pixiv.net/ranking.php?mode=female_r18&p=1&data=20131005
2013-10-05 21:41:36,891[logger_pixiv]:INFO-{bindAPI-execute-line:26}: open url: http://www.pixiv.net/ranking.php?mode=female_r18&p=1&data=20131005
2013-10-05 21:42:02,400[logger_pixiv]:INFO-{bindAPI-execute-line:26}: open url: http://www.pixiv.net/ranking.php?mode=male_r18&p=1&data=20131005
2013-10-05 21:44:53,621[logger_pixiv]:INFO-{bindAPI-execute-line:26}: open url: http://www.pixiv.net/ranking.php?mode=male_r18&p=1&data=20131005
2013-10-05 21:46:00,770[logger_pixiv]:INFO-{bindAPI-execute-line:26}: open url: http://www.pixiv.net/ranking.php?mode=male_r18&p=1&data=20131005
2013-10-05 21:46:25,967[logger_pixiv]:INFO-{bindAPI-execute-line:26}: open url: http://www.pixiv.net/ranking.php?mode=male_r18&p=1&data=20131005
2013-10-05 21:47:57,528[logger_pixiv]:INFO-{bindAPI-execute-line:26}: open url: http://www.pixiv.net/ranking.php?mode=male_r18&p=1&data=20131005
2013-10-05 22:06:01,401[logger_pixiv]:INFO-{bindAPI-execute-line:27}: open url: http://www.pixiv.net/ranking.php?mode=male_r18&p=1&data=20131005
2013-10-05 22:06:35,407[logger_pixiv]:INFO-{bindAPI-execute-line:27}: open url: http://www.pixiv.net/ranking.php?mode=male_r18&p=1&data=20131005
2013-10-05 22:06:59,940[logger_pixiv]:INFO-{bindAPI-execute-line:27}: open url: http://www.pixiv.net/ranking.php?mode=male_r18&p=1&data=20131005
2013-10-05 22:12:08,227[logger_pixiv]:INFO-{bindAPI-execute-line:27}: open url: http://www.pixiv.net/ranking.php?mode=male_r18&p=1&data=20131005
2013-10-05 22:19:37,332[logger_pixiv]:INFO-{bindAPI-execute_crawl-line:27}: open url: http://www.pixiv.net/ranking.php?mode=male_r18&p=1&data=20131005
2013-10-05 22:20:03,928[logger_pixiv]:INFO-{bindAPI-execute_crawl-line:27}: open url: http://www.pixiv.net/ranking.php?mode=male_r18&p=1&data=20131005
2013-10-05 22:20:29,568[logger_pixiv]:INFO-{bindAPI-execute_crawl-line:34}: open url: http://www.pixiv.net/ranking.php?mode=male_r18&p=1&data=20131005
2013-10-05 22:22:34,302[logger_pixiv]:INFO-{bindAPI-execute_crawl-line:36}: open url: http://www.pixiv.net/ranking.php?mode=male_r18&p=1&data=20131005
2013-10-05 22:25:52,801[logger_pixiv]:INFO-{bindAPI-execute_crawl-line:40}: open url: http://www.pixiv.net/ranking.php?mode=male_r18&p=1&data=20131005
2013-10-05 22:39:03,951[logger_pixiv]:INFO-{bindAPI-execute_crawl-line:42}: open url: http://www.pixiv.net/ranking.php?mode=male_r18&p=1&data=20131005
2013-10-05 22:39:28,736[logger_pixiv]:INFO-{bindAPI-execute_crawl-line:42}: open url: http://www.pixiv.net/ranking.php?mode=male_r18&p=1&data=20131005
2013-10-05 22:40:38,374[logger_pixiv]:INFO-{bindAPI-execute_crawl-line:42}: open url: http://www.pixiv.net/ranking.php?mode=male_r18&p=1&data=20131005
2013-10-05 22:40:51,266[logger_pixiv]:INFO-{bindAPI-execute_crawl-line:42}: open url: http://www.pixiv.net/ranking.php?mode=male_r18&p=1&data=20131005
2013-10-05 22:45:02,753[logger_pixiv]:INFO-{bindAPI-execute_crawl-line:42}: open url: http://www.pixiv.net/ranking.php?mode=male_r18&p=1&data=20131005
2013-10-05 22:58:04,589[logger_pixiv]:INFO-{bindAPI-execute-line:42}: open url: http://www.pixiv.net/ranking.php?mode=male_r18&p=1&data=20131005
2013-10-05 22:58:30,346[logger_pixiv]:INFO-{bindAPI-execute-line:42}: open url: http://www.pixiv.net/ranking.php?mode=male_r18&p=1&data=20131005
2013-10-05 22:59:52,769[logger_pixiv]:INFO-{bindAPI-execute-line:42}: open url: http://www.pixiv.net/ranking.php?mode=male_r18&p=1&data=20131005
2013-10-05 23:00:35,201[logger_pixiv]:INFO-{bindAPI-execute-line:42}: open url: http://www.pixiv.net/ranking.php?mode=male_r18&p=1&data=20131005
2013-10-05 23:01:29,951[logger_pixiv]:INFO-{bindAPI-execute-line:42}: open url: http://www.pixiv.net/ranking.php?mode=male_r18&p=1&data=20131005
2013-10-05 23:07:47,313[logger_pixiv]:INFO-{bindAPI-execute-line:44}: open url: http://www.pixiv.net/ranking.php?mode=male_r18&p=1&data=20131005
2013-10-05 23:15:20,631[logger_pixiv]:INFO-{bindAPI-execute-line:52}: open url: http://www.pixiv.net?p=1&mode=male_r18
2013-10-05 23:16:17,591[logger_pixiv]:INFO-{bindAPI-execute-line:52}: open url: http://www.pixiv.net?mode=male_r18
2013-10-05 23:16:31,842[logger_pixiv]:INFO-{bindAPI-execute-line:52}: open url: http://www.pixiv.net?p=2&mode=male_r18
2013-10-05 23:18:01,969[logger_pixiv]:INFO-{bindAPI-execute-line:51}: open url: http://www.pixiv.net/ranking.php?p=2&mode=male_r18
2013-10-05 23:46:23,134[logger_pixiv]:INFO-{bindAPI-execute-line:60}: open url: http://www.pixiv.net/ranking.php?p=1&mode=male_r18
2013-10-05 23:46:37,137[logger_pixiv]:INFO-{bindAPI-execute-line:60}: open url: http://www.pixiv.net/ranking.php?p=1&mode=male_r18
2013-10-05 23:52:37,020[logger_pixiv]:INFO-{bindAPI-execute-line:67}: open url: http://www.pixiv.net/ranking.php?p=1&mode=male_r18
2013-10-05 23:53:44,375[logger_pixiv]:INFO-{bindAPI-openurl-line:42}: open url: http://www.pixiv.net/ranking.php?p=1&mode=male_r18
2013-10-05 23:53:45,607[logger_pixiv]:INFO-{bindAPI-openurl-line:42}: open url: http://www.pixiv.net/member_illust.php?mode=medium&illust_id=38902616&ref=rn-b-1-title&uarea=male_r18
2013-10-05 23:57:56,460[logger_pixiv]:INFO-{bindAPI-execute-line:53}: open url: http://www.pixiv.net/ranking.php?p=1&mode=male_r18
2013-10-05 23:58:13,857[logger_pixiv]:INFO-{bindAPI-execute-line:53}: open url: http://www.pixiv.net/ranking.php?p=1&mode=male_r18
2013-10-05 23:58:15,065[logger_pixiv]:INFO-{bindAPI-__member_illust-line:40}: open url: http://www.pixiv.net/member_illust.php?mode=medium&illust_id=38902616&ref=rn-b-1-title&uarea=male_r18
2013-10-06 00:04:35,243[logger_pixiv]:INFO-{bindAPI-execute-line:53}: open url: http://www.pixiv.net/ranking.php?p=1&mode=male_r18
2013-10-06 00:04:36,644[logger_pixiv]:INFO-{bindAPI-__member_illust-line:40}: open url: http://www.pixiv.net/member_illust.php?mode=medium&illust_id=38902616&ref=rn-b-1-title&uarea=male_r18
2013-10-06 00:45:46,953[logger_pixiv]:INFO-{bindAPI-execute-line:60}: open url: http://www.pixiv.net/ranking.php?p=1&mode=male_r18
2013-10-06 00:45:47,970[logger_pixiv]:INFO-{bindAPI-__member_illust-line:40}: open url: http://www.pixiv.net/member_illust.php?mode=medium&illust_id=38902616&ref=rn-b-1-title&uarea=male_r18
2013-10-06 00:46:16,453[logger_pixiv]:INFO-{bindAPI-execute-line:60}: open url: http://www.pixiv.net/ranking.php?p=1&mode=male_r18
2013-10-06 00:46:17,428[logger_pixiv]:INFO-{bindAPI-__member_illust-line:40}: open url: http://www.pixiv.net/member_illust.php?mode=medium&illust_id=38902616&ref=rn-b-1-title&uarea=male_r18
2013-10-06 10:43:27,678[logger_pixiv]:INFO-{bindAPI-execute-line:60}: open url: http://www.pixiv.net/ranking.php?p=1&mode=male_r18
2013-10-06 10:43:28,749[logger_pixiv]:INFO-{bindAPI-__member_illust-line:40}: open url: http://www.pixiv.net/member_illust.php?mode=medium&illust_id=38902616&ref=rn-b-1-title&uarea=male_r18
2013-10-06 10:44:42,765[logger_pixiv]:INFO-{bindAPI-execute-line:60}: open url: http://www.pixiv.net/ranking.php?p=1&mode=male_r18
2013-10-06 10:44:43,813[logger_pixiv]:INFO-{bindAPI-__member_illust-line:40}: open url: http://www.pixiv.net/member_illust.php?mode=medium&illust_id=38902616&ref=rn-b-1-title&uarea=male_r18
2013-10-06 11:03:47,509[logger_pixiv]:INFO-{bindAPI-execute-line:62}: open url: http://www.pixiv.net/ranking.php?p=1&mode=male_r18
2013-10-06 11:03:48,457[logger_pixiv]:INFO-{bindAPI-__medium_member_illust-line:40}: open url: http://www.pixiv.net/member_illust.php?mode=medium&illust_id=38902616&ref=rn-b-1-title&uarea=male_r18
2013-10-06 11:08:25,977[logger_pixiv]:INFO-{bindAPI-execute-line:60}: open url: http://www.pixiv.net/ranking.php?p=1&mode=male_r18
2013-10-06 11:08:26,940[logger_pixiv]:INFO-{bindAPI-__medium_member_illust-line:40}: open url: http://www.pixiv.net/member_illust.php?mode=medium&illust_id=38902616&ref=rn-b-1-title&uarea=male_r18
2013-10-06 11:09:04,621[logger_pixiv]:INFO-{bindAPI-execute-line:60}: open url: http://www.pixiv.net/ranking.php?p=1&mode=male_r18
2013-10-06 11:09:05,618[logger_pixiv]:INFO-{bindAPI-__medium_member_illust-line:40}: open url: http://www.pixiv.net/member_illust.php?mode=medium&illust_id=38902616&ref=rn-b-1-title&uarea=male_r18
2013-10-06 11:12:47,372[logger_pixiv]:INFO-{bindAPI-execute-line:60}: open url: http://www.pixiv.net/ranking.php?p=1&mode=male_r18
2013-10-06 11:12:48,305[logger_pixiv]:INFO-{bindAPI-__medium_member_illust-line:40}: open url: http://www.pixiv.net/member_illust.php?mode=medium&illust_id=38930846&ref=rn-b-1-title&uarea=male_r18
2013-10-06 11:18:49,345[logger_pixiv]:INFO-{bindAPI-execute-line:60}: open url: http://www.pixiv.net/ranking.php?p=1&mode=male_r18
2013-10-06 11:18:50,289[logger_pixiv]:INFO-{bindAPI-__medium_member_illust-line:40}: open url: http://www.pixiv.net/member_illust.php?mode=medium&illust_id=38930846&ref=rn-b-1-title&uarea=male_r18
2013-10-06 11:23:22,507[logger_pixiv]:INFO-{bindAPI-execute-line:61}: open url: http://www.pixiv.net/ranking.php?p=1&mode=male_r18
2013-10-06 11:23:23,525[logger_pixiv]:INFO-{bindAPI-__medium_member_illust-line:40}: open url: http://www.pixiv.net/member_illust.php?mode=medium&illust_id=38930846&ref=rn-b-1-title&uarea=male_r18
2013-10-06 11:23:39,970[logger_pixiv]:INFO-{bindAPI-execute-line:62}: open url: http://www.pixiv.net/ranking.php?p=1&mode=male_r18
2013-10-06 11:23:41,079[logger_pixiv]:INFO-{bindAPI-__medium_member_illust-line:40}: open url: http://www.pixiv.net/member_illust.php?mode=medium&illust_id=38930846&ref=rn-b-1-title&uarea=male_r18
2013-10-06 11:31:22,967[logger_pixiv]:INFO-{bindAPI-execute-line:61}: open url: http://www.pixiv.net/ranking.php?p=1&mode=male_r18
2013-10-06 11:31:24,022[logger_pixiv]:INFO-{bindAPI-__medium_member_illust-line:40}: open url: http://www.pixiv.net/member_illust.php?mode=medium&illust_id=38930846&ref=rn-b-1-title&uarea=male_r18
2013-10-06 11:32:53,990[logger_pixiv]:INFO-{bindAPI-execute-line:61}: open url: http://www.pixiv.net/ranking.php?p=1&mode=male_r18
2013-10-06 11:32:55,055[logger_pixiv]:INFO-{bindAPI-__medium_member_illust-line:40}: open url: http://www.pixiv.net/member_illust.php?mode=medium&illust_id=38930846&ref=rn-b-1-title&uarea=male_r18
2013-10-06 11:41:30,056[logger_pixiv]:INFO-{bindAPI-execute-line:77}: open url: http://www.pixiv.net/ranking.php?p=1&mode=male_r18
2013-10-06 11:41:31,227[logger_pixiv]:INFO-{bindAPI-__medium_member_illust-line:40}: open url: http://www.pixiv.net/member_illust.php?mode=medium&illust_id=38930846&ref=rn-b-1-title&uarea=male_r18
2013-10-06 11:42:04,365[logger_pixiv]:INFO-{bindAPI-execute-line:77}: open url: http://www.pixiv.net/ranking.php?p=1&mode=male_r18
2013-10-06 11:42:05,634[logger_pixiv]:INFO-{bindAPI-__medium_member_illust-line:40}: open url: http://www.pixiv.net/member_illust.php?mode=medium&illust_id=38930846&ref=rn-b-1-title&uarea=male_r18
2013-10-06 11:45:20,173[logger_pixiv]:INFO-{bindAPI-execute-line:77}: open url: http://www.pixiv.net/ranking.php?p=1&mode=male_r18
2013-10-06 11:45:21,253[logger_pixiv]:INFO-{bindAPI-__medium_member_illust-line:40}: open url: http://www.pixiv.net/member_illust.php?mode=medium&illust_id=38930846&ref=rn-b-1-title&uarea=male_r18
2013-10-06 11:45:32,361[logger_pixiv]:INFO-{bindAPI-execute-line:77}: open url: http://www.pixiv.net/ranking.php?p=1&mode=male_r18
2013-10-06 11:45:33,427[logger_pixiv]:INFO-{bindAPI-__medium_member_illust-line:40}: open url: http://www.pixiv.net/member_illust.php?mode=medium&illust_id=38930846&ref=rn-b-1-title&uarea=male_r18
2013-10-06 11:45:53,880[logger_pixiv]:INFO-{bindAPI-execute-line:77}: open url: http://www.pixiv.net/ranking.php?p=1&mode=male_r18
2013-10-06 11:45:55,032[logger_pixiv]:INFO-{bindAPI-__medium_member_illust-line:40}: open url: http://www.pixiv.net/member_illust.php?mode=medium&illust_id=38930846&ref=rn-b-1-title&uarea=male_r18
2013-10-06 11:46:51,858[logger_pixiv]:INFO-{bindAPI-execute-line:77}: open url: http://www.pixiv.net/ranking.php?p=1&mode=male_r18
2013-10-06 11:46:52,904[logger_pixiv]:INFO-{bindAPI-__medium_member_illust-line:40}: open url: http://www.pixiv.net/member_illust.php?mode=medium&illust_id=38930846&ref=rn-b-1-title&uarea=male_r18
2013-10-06 11:51:02,734[logger_pixiv]:INFO-{bindAPI-execute-line:75}: open url: http://www.pixiv.net/ranking.php?p=1&mode=male
2013-10-06 11:51:04,168[logger_pixiv]:INFO-{bindAPI-__medium_member_illust-line:39}: open url: http://www.pixiv.net/member_illust.php?mode=medium&illust_id=38915840&ref=rn-b-1-title&uarea=male
2013-10-06 11:53:50,200[logger_pixiv]:INFO-{bindAPI-execute-line:75}: open url: http://www.pixiv.net/ranking.php?p=1&mode=male
2013-10-06 11:53:51,407[logger_pixiv]:INFO-{bindAPI-__medium_member_illust-line:39}: open url: http://www.pixiv.net/member_illust.php?mode=medium&illust_id=38915840&ref=rn-b-1-title&uarea=male
2013-10-06 11:59:03,651[logger_pixiv]:INFO-{bindAPI-execute-line:75}: open url: http://www.pixiv.net/ranking.php?p=1&mode=male
2013-10-06 11:59:04,697[logger_pixiv]:INFO-{bindAPI-__medium_member_illust-line:39}: open url: http://www.pixiv.net/member_illust.php?mode=medium&illust_id=38915840&ref=rn-b-1-title&uarea=male
